<?xml version="1.0" encoding="UTF-8"?>
<testng-results total="2" passed="2" failed="0" skipped="0">
  <reporter-output>
  </reporter-output>
  <suite started-at="2024-07-17T06:47:12Z" name="Suite" finished-at="2024-07-17T06:47:12Z" duration-ms="33">
    <groups>
      <group name="smokeTest">
        <method signature="ContactTest.modifyContactTest()[pri:0, instance:package1.ContactTest@68df9280]" name="modifyContactTest" class="package1.ContactTest"/>
        <method signature="OrgTest.createOrgTest()[pri:0, instance:package2.OrgTest@49c66ade]" name="createOrgTest" class="package2.OrgTest"/>
      </group> <!-- smokeTest -->
    </groups>
    <test started-at="2024-07-17T06:47:12Z" name="Test" finished-at="2024-07-17T06:47:12Z" duration-ms="33">
      <class name="package2.OrgTest">
        <test-method signature="createOrgTest()[pri:0, instance:package2.OrgTest@49c66ade]" started-at="2024-07-17T12:17:12Z" name="createOrgTest" finished-at="2024-07-17T12:17:12Z" duration-ms="11" status="PASS">
          <reporter-output>
          </reporter-output>
        </test-method> <!-- createOrgTest -->
      </class> <!-- package2.OrgTest -->
      <class name="package1.ContactTest">
        <test-method signature="modifyContactTest()[pri:0, instance:package1.ContactTest@68df9280]" started-at="2024-07-17T12:17:12Z" name="modifyContactTest" finished-at="2024-07-17T12:17:12Z" duration-ms="1" status="PASS">
          <reporter-output>
          </reporter-output>
        </test-method> <!-- modifyContactTest -->
      </class> <!-- package1.ContactTest -->
    </test> <!-- Test -->
  </suite> <!-- Suite -->
</testng-results>
